<?xml version="1.0" encoding="UTF-8"?>
<!-- Generated by org.testng.reporters.JUnitReportReporter -->
<testsuite hostname="DESKTOP-U6EFAKA" failures="0" tests="1" name="WebAutomation.WebAutomation.MyClassTest" time="4.118" errors="0" timestamp="01 Jan 2020 09:33:47 GMT" skipped="0">
  <testcase classname="WebAutomation.WebAutomation.MyClassTest" name="LoginTest" time="4.118"/>
</testsuite> <!-- WebAutomation.WebAutomation.MyClassTest -->
