<?xml version="1.0" encoding="UTF-8"?>
<!-- Generated by org.testng.reporters.JUnitReportReporter -->
<testsuite hostname="DESKTOP-U6EFAKA" failures="0" tests="1" name="WebAutomation.WebAutomation.MyClassTest" time="2.647" errors="0" timestamp="07 Feb 2020 09:34:27 GMT" skipped="0">
  <testcase classname="WebAutomation.WebAutomation.MyClassTest" name="LoginTest" time="2.647"/>
</testsuite> <!-- WebAutomation.WebAutomation.MyClassTest -->
